
[17:19:46.251] ------------------------------
[17:19:46.699] MelonLoader v0.7.2 Open-Beta
[17:19:46.730] OS: Windows 11
[17:19:46.731] Hash Code: 9DA4175149E7EBA5F67511461A658D15CD062C287E34FC9A03B1EFC8FDC8D21C
[17:19:46.732] ------------------------------
[17:19:47.175] Game Type: MonoBleedingEdge
[17:19:47.176] Game Arch: x64
[17:19:47.177] ------------------------------
[17:19:47.178] Command-Line: 
[17:19:47.179] ------------------------------
[17:19:47.181] Core::BasePath = D:\Steam\steamapps\common\Gunner HEAT PC\Bin
[17:19:47.181] Game::BasePath = D:\Steam\steamapps\common\Gunner HEAT PC\Bin
[17:19:47.182] Game::DataPath = D:\Steam\steamapps\common\Gunner HEAT PC\Bin\GHPC_Data
[17:19:47.183] Game::ApplicationPath = D:\Steam\steamapps\common\Gunner HEAT PC\Bin\GHPC.exe
[17:19:47.184] Runtime Type: net35
[17:19:48.447] ------------------------------
[17:19:48.447] Game Name: GHPC
[17:19:48.448] Game Developer: Radian Simulations LLC
[17:19:48.452] Unity Version: 2022.3.62f2
[17:19:48.456] Game Version: 0.1.0-alpha+20260210.1
[17:19:48.457] ------------------------------

[17:19:51.013] Preferences Loaded!

[17:19:51.443] Loading UserLibs...
[17:19:51.445] 0 UserLibs loaded.

[17:19:51.446] Loading Plugins...
[17:19:51.451] 0 Plugins loaded.


[17:19:53.883] Loading Mods...
[17:19:53.964] ------------------------------
[17:19:53.979] Melon Assembly loaded: '.\Mods\GHPC.CoopFoundation.dll'
[17:19:53.984] SHA256 Hash: 'AF39D5E8594716CEDE7E75FC808488FAE38E0509B16FA532B68FE46F7724D9FC'

[17:19:54.107] ------------------------------
[17:19:54.109] GHPC Coop Foundation v0.1.7
[17:19:54.110] by GHPC Coop
[17:19:54.111] Assembly: GHPC.CoopFoundation.dll
[17:19:54.111] ------------------------------
[17:19:54.113] ------------------------------
[17:19:54.113] 1 Mod loaded.

[17:19:54.298] Support Module Loaded: D:\Steam\steamapps\common\Gunner HEAT PC\Bin\MelonLoader\Dependencies\SupportModules\Mono.dll
[17:19:54.467] [GHPC_Coop_Foundation] GHPC Coop Foundation 0.1.7 — Harmony patches applied (com.ghpc.coop.foundation).
[17:19:54.473] [GHPC_Coop_Foundation] UDP + remote ghost: AGENTS.md (ShowRemoteGhost).
[17:20:01.232] [GHPC_Coop_Foundation] [CoopDiag] Scene loaded: index=0 name=LOADER_INITIAL
[17:20:18.197] [GHPC_Coop_Foundation] [CoopDiag] Scene loaded: index=1 name=MainMenu2_Scene
[17:21:34.859] [GHPC Coop Foundation] [CoopDiag] MissionInitializer.Awake MissionSceneName=GT03_Native_Narrative
[17:21:34.873] [GHPC Coop Foundation] [CoopDiag] MissionInitializer.Awake MissionSceneName=GT03_Native_Narrative
[17:21:35.505] [GHPC_Coop_Foundation] [CoopDiag] Scene loaded: index=74 name=GenericTerrain03_scene
[17:21:45.230] [GHPC_Coop_Foundation] [CoopDiag] Scene loaded: index=80 name=GT03_Native_Narrative
[17:22:30.773] [GHPC Coop Foundation] [CoopDiag] PlayerInput.SetDefaultUnit → M1 Abrams (go=M1 63)
[17:22:30.808] [GHPC Coop Foundation] [CoopDiag] PlayerInput.SetDefaultUnit → M1 Abrams (go=M1 63)
[17:22:31.530] [GHPC Coop Foundation] [CoopDiag] PlayerInput.SetPlayerUnit → M1 Abrams (go=M1 63)
[17:22:31.535] [GHPC Coop Foundation] [CoopDiag] PlayerInput.SetPlayerUnit → M1 Abrams (go=M1 63)
[17:23:06.936] [GHPC Coop Foundation] [CoopDiag] MissionStateController.SetState → Planning
[17:23:06.950] [GHPC Coop Foundation] [CoopDiag] MissionStateController.SetState → Planning
[17:23:25.774] [GHPC Coop Foundation] [CoopDiag] MissionStateController.SetState → Playing
[17:23:25.775] [GHPC Coop Foundation] [CoopDiag] MissionStateController.SetState → Playing
[17:23:25.992] [GHPC Coop Foundation] [CoopSnapshot] id=-829220 go=M1 63 friendly=M1 Abrams pos=(-329.6,125.9,-2531.4) euler=(357,347,0)
[17:23:29.842] [GHPC Coop Foundation] [CoopSnapshot] id=-829220 go=M1 63 friendly=M1 Abrams pos=(-329.8,126.0,-2530.8) euler=(356,345,0)
[17:23:33.536] [GHPC Coop Foundation] [CoopSnapshot] id=-829220 go=M1 63 friendly=M1 Abrams pos=(-331.7,126.4,-2523.5) euler=(359,345,360)
[17:23:36.888] [GHPC Coop Foundation] [CoopSnapshot] id=-829220 go=M1 63 friendly=M1 Abrams pos=(-330.4,126.2,-2528.3) euler=(356,345,360)
[17:23:40.460] [GHPC Coop Foundation] [CoopSnapshot] id=-829220 go=M1 63 friendly=M1 Abrams pos=(-329.7,126.0,-2530.8) euler=(357,345,0)
[17:23:43.701] [GHPC Coop Foundation] [CoopSnapshot] id=-829220 go=M1 63 friendly=M1 Abrams pos=(-329.7,126.0,-2530.9) euler=(357,344,0)
[17:23:46.750] [GHPC Coop Foundation] [CoopSnapshot] id=-829220 go=M1 63 friendly=M1 Abrams pos=(-329.7,126.0,-2530.9) euler=(357,344,0)
[17:23:49.781] [GHPC Coop Foundation] [CoopSnapshot] id=-829220 go=M1 63 friendly=M1 Abrams pos=(-329.7,126.0,-2530.9) euler=(357,344,0)
[17:23:51.942] [GHPC Coop Foundation] [CoopSnapshot] id=-829220 go=M1 63 friendly=M1 Abrams pos=(-329.7,126.0,-2530.9) euler=(357,344,0)
[17:23:54.034] [GHPC Coop Foundation] [CoopSnapshot] id=-829220 go=M1 63 friendly=M1 Abrams pos=(-329.7,126.0,-2530.9) euler=(357,344,0)
[17:23:56.167] [GHPC Coop Foundation] [CoopSnapshot] id=-829220 go=M1 63 friendly=M1 Abrams pos=(-329.7,126.0,-2530.9) euler=(357,344,0)
[17:23:58.276] [GHPC Coop Foundation] [CoopSnapshot] id=-829220 go=M1 63 friendly=M1 Abrams pos=(-329.7,126.0,-2530.9) euler=(357,344,0)
[17:24:00.321] [GHPC Coop Foundation] [CoopSnapshot] id=-829220 go=M1 63 friendly=M1 Abrams pos=(-329.7,126.0,-2530.9) euler=(357,344,0)
[17:24:02.647] [GHPC Coop Foundation] [CoopSnapshot] id=-829220 go=M1 63 friendly=M1 Abrams pos=(-329.7,126.0,-2530.9) euler=(357,344,0)
[17:24:04.919] [GHPC Coop Foundation] [CoopSnapshot] id=-829220 go=M1 63 friendly=M1 Abrams pos=(-329.7,126.0,-2530.9) euler=(357,344,0)
[17:24:07.363] [GHPC Coop Foundation] [CoopSnapshot] id=-829220 go=M1 63 friendly=M1 Abrams pos=(-329.7,126.0,-2530.9) euler=(357,344,0)
[17:24:09.875] [GHPC Coop Foundation] [CoopSnapshot] id=-829220 go=M1 63 friendly=M1 Abrams pos=(-329.7,126.0,-2530.9) euler=(357,344,0)
[17:24:12.500] [GHPC Coop Foundation] [CoopSnapshot] id=-829220 go=M1 63 friendly=M1 Abrams pos=(-329.7,126.0,-2530.9) euler=(357,344,0)
[17:24:15.057] [GHPC Coop Foundation] [CoopSnapshot] id=-829220 go=M1 63 friendly=M1 Abrams pos=(-329.7,126.0,-2530.9) euler=(357,344,0)
[17:24:17.538] [GHPC Coop Foundation] [CoopSnapshot] id=-829220 go=M1 63 friendly=M1 Abrams pos=(-329.7,126.0,-2530.9) euler=(357,344,0)
[17:24:20.058] [GHPC Coop Foundation] [CoopSnapshot] id=-829220 go=M1 63 friendly=M1 Abrams pos=(-329.7,126.0,-2530.9) euler=(357,344,0)
[17:24:22.692] [GHPC Coop Foundation] [CoopSnapshot] id=-829220 go=M1 63 friendly=M1 Abrams pos=(-329.7,126.0,-2530.9) euler=(357,344,0)
[17:24:25.371] [GHPC Coop Foundation] [CoopSnapshot] id=-829220 go=M1 63 friendly=M1 Abrams pos=(-329.7,126.0,-2530.9) euler=(357,344,0)
[17:24:28.020] [GHPC Coop Foundation] [CoopSnapshot] id=-829220 go=M1 63 friendly=M1 Abrams pos=(-329.7,126.0,-2530.9) euler=(357,344,0)
[17:24:35.983] [GHPC Coop Foundation] [CoopSnapshot] id=-829220 go=M1 63 friendly=M1 Abrams pos=(-329.7,126.0,-2530.9) euler=(357,344,0)
[17:24:38.014] [GHPC Coop Foundation] [CoopSnapshot] id=-829220 go=M1 63 friendly=M1 Abrams pos=(-329.7,126.0,-2530.9) euler=(357,344,0)
[17:24:40.601] [GHPC Coop Foundation] [CoopSnapshot] id=-829220 go=M1 63 friendly=M1 Abrams pos=(-329.7,126.0,-2530.9) euler=(357,344,0)
[17:24:42.783] [GHPC Coop Foundation] [CoopSnapshot] id=-829220 go=M1 63 friendly=M1 Abrams pos=(-329.7,126.0,-2530.9) euler=(357,344,0)
[17:25:06.593] [GHPC_Coop_Foundation] [CoopDiag] Scene loaded: index=3 name=LOADER_MENU
[17:25:12.824] [GHPC_Coop_Foundation] [CoopDiag] Scene loaded: index=1 name=MainMenu2_Scene
[17:27:13.826] Preferences Saved!
